<root>
<agencestaff>
<job>
<import_unique_id>
<![CDATA[ 1865775 ]]>
</import_unique_id>
<subentity_name>
<![CDATA[ Département de Seine-et-Marne ]]>
</subentity_name>
<entity_name>
<![CDATA[ Département de Seine-et-Marne ]]>
</entity_name>
<entity_description>
<![CDATA[ La Direction Générale adjointe de la Solidarité (DGAS), traite de toutes les questions allant de la protection maternelle et infantile, protection de l'enfance, aide aux personnes âgées et handicapées en passant par l'emploi et la santé. A travers ces différentes missions, elle oeuvre au quotidien pour faire du Département un territoire de la solidarité et de lutte contre les inégalités. La Direction de la Protection Maternelle et Infantile et de la Promotion de la Santé (DPMIPS) élabore et met en oeuvre la politique départementale de santé en application des missions dévolues au Département par le Code de la Santé Publique et le Code de l'Action Sociale et des Familles, en particulier en matière de Protection Maternelle et Infantile.  Elle décline par ailleurs, la politique volontariste en santé du Département en lien avec les politiques d'action sociale en direction des publics vulnérables (personnes handicapées et personnes âgées)  et les orientations visant à une réduction des inégalités territoriales d'accès aux soins. Dans le cadre d'une contractualisation avec l'Etat et l'Agence Régionale de Santé d'Ile-de-France, le Département de Seine-et-Marne s'engage pour le déploiement de la stratégie nationale de prévention et de protection de l'enfance. A ce titre, il prévoit, sur un territoire urbain du nord-ouest du département dont une partie est classée quartier prioritaire de la politique de la Ville, le déploiement expérimental d'un dispositif innovant visant à promouvoir le bien-être et la santé mentale des jeunes enfants de 0-3 ans et de leur famille.   ]]>
</entity_description>
<entity_website>
<![CDATA[ ]]>
</entity_website>
<occupation>
<![CDATA[ Psychologue ]]>
</occupation>
<starts_on>
<![CDATA[ 25/11/2024 ]]>
</starts_on>
<expires_on>
<![CDATA[ 25/12/2024 ]]>
</expires_on>
<title>
<![CDATA[ Contrat de projet santé et bien-être de l'enfant "Psychologue" H/F ]]>
</title>
<description>Ce dispositif consiste à faire intervenir, sur un public ciblé, une équipe pluridisciplinaire composée d'un psychologue de prévention, une puéricultrice et d'un éducateur de jeunes enfants. Cette équipe aura vocation à intervenir auprès des enfants et de leur famille, par le biais d'entretiens, de visites à domiciles (VAD) et d'actions collectives.  Sous l'autorité du chef de projet avec la Directrice de la Protection Maternelle et Infantile et de la Promotion de la Santé et en lien avec le pôle expertises, le psychologue a pour missions de : -    Contribuer à la définition opérationnelle du projet ; -    Mettre en oeuvre le plan d'intervention renforcé auprès des enfants et familles ciblés ;  -    Participer à la construction et mise en oeuvre de l'évaluation de l'expérimentation. -    Identifier les besoins des familles  -    Proposer et mettre en place des actions collectives Au sein de l'équipe pluridisciplinaire : -    Mettre en oeuvre un plan soutenu de visite à domicile, -    Réaliser grâce aux regards croisés de l'équipe pluridisciplinaire un état des lieux des besoins de soutien psychologique pour l'enfant et sa famille ; -    Partager les observations au sein de l'équipe et co-construire des actions communes en vue d'interventions individuelles et collectives ; -    Soutenir le développement des compétences psychosociales de l'enfant en lien étroit avec la famille ; -    Proposer un apport d'informations aux parents sur les besoins et le développement de leur enfant ; -    Renforcer le sentiment de pouvoir d'agir des familles ; -    Contribuer à la mise en oeuvre et au suivi du projet,  -    Participer à la définition de la méthode d'évaluation et à sa mise en oeuvre    </description>
<profile>
<![CDATA[ Savoirs : -  Politiques publiques et leur déclinaison opérationnelle dans les domaines suivants : o    Petite enfance o    Accompagnement et soutien à la parentalité o    Promotion de la santé (au sens de l'OMS et y compris santé mentale) et prévention primaire o    Protection de l'enfant -    Connaissance sur les droits et les besoins de l'enfant -    Connaissance de la législation concernant la PMI et la protection de l'enfance -    Connaissance des dispositifs d'aide et des ressources du territoire -    Connaissance de la psychologie positive et du psycho-trauma appréciée Savoir-faire : -    Savoir effectuer une démarche de prévention précoce en étant attentif au développement global de l'enfant -    Savoir mener une écoute clinique bienveillante des enfants et de leurs parents -    Savoir observer, écouter, évaluer, repérer les risques de danger et rendre compte -    Etre capable d'exprimer clairement ses analyses et interprétations -    Savoir conduire les entretiens individuels et collectifs -    Savoir analyser les besoins (matériels, pédagogiques, affectifs) -    Savoir utiliser les logiciels métiers -    Savoir rédiger (compte rendus de visite...) -    Savoir travailler en équipe pluridisciplinaire -    Savoir respecter le secret professionnel et avoir une posture adaptée et bienveillante  Savoir être : -    Sens du travail en équipe pluridisciplinaire -    Sens des responsabilités -    Capacité d'autonomie -    Capacité d'écoute, de patience et de médiation -    Dynamisme et esprit d'initiative -     - Exclusivement ouvert aux titulaires d'un MASTER 2 de psychologie avec une expérience souhaitée de 5 ans  - Permis de conduire indispensable - Possibilité de travailler sur des horaires adaptés aux familles (jusqu'à 21h la semaine et parfois le samedi) - Déplacement liés au poste : au sein du département - Titres restaurant - 25 CA et 24 RTT (sur la base de 39h hebdomadaires) - Participation employeur à la Mutuelle et prévoyance - Prestations sociales et COS - Offres de formations innovantes - Accompagnement aux concours - Le poste est ouvert aux fonctionnaires par voie de détachement ou mutation et aux contractuels  - Le Département est ouvert à la diversité et facilite l'accueil et l'intégration des travailleurs handicapés. ]]>
</profile>
<reference>
<![CDATA[ 231115/17249 ]]>
</reference>
<contract>
<![CDATA[ permanent ]]>
</contract>
<working_time>full_time</working_time>
<locations>
<location category="city">
<![CDATA[ Villeparisis ]]>
</location>
<location category="department">
<![CDATA[ 77 ]]>
</location>
<location category="country">
<![CDATA[ France ]]>
</location>
</locations>
<department_code>
<![CDATA[ 77 ]]>
</department_code>
<zipcode>
<![CDATA[ 77270 ]]>
</zipcode>
<application_mode>
<![CDATA[ url ]]>
</application_mode>
<application_url>https://jobstats.robopost.com/count/clic.php?v=1817515&j=441&external_ats_id=1776</application_url>
<address_is_hidden>
<![CDATA[ true ]]>
</address_is_hidden>
</job>
<job>
<import_unique_id>
<![CDATA[ 1865790 ]]>
</import_unique_id>
<subentity_name>
<![CDATA[ Département de Seine-et-Marne ]]>
</subentity_name>
<entity_name>
<![CDATA[ Département de Seine-et-Marne ]]>
</entity_name>
<entity_description>
<![CDATA[ La Direction Générale adjointe de la Solidarité (DGAS), traite de toutes les questions allant de la protection maternelle et infantile, protection de l'enfance, aide aux personnes âgées et handicapées en passant par l'emploi et la santé. A travers ces différentes missions, elle oeuvre au quotidien pour faire du Département un territoire de la solidarité et de lutte contre les inégalités. ]]>
</entity_description>
<entity_website>
<![CDATA[ ]]>
</entity_website>
<occupation>
<![CDATA[ Mandataire judiciaire à la protection des majeurs ]]>
</occupation>
<starts_on>
<![CDATA[ 25/11/2024 ]]>
</starts_on>
<expires_on>
<![CDATA[ 25/12/2024 ]]>
</expires_on>
<title>
<![CDATA[ Inspecteur ASE H/F ]]>
</title>
<description>Vous assumez par délégation du Président du Conseil départemental, l'ensemble des décisions individuelles de prise en charge relevant de la protection administrative et judiciaire au titre de la protection de l'enfance, dans le respect du droit des familles, du cadre fixé par l'autorité judiciaire, et du règlement départemental d'aide sociale. A ce titre, vous : - Vous garantissez la cohérence du parcours du mineur et la prise en charge du jeune majeur pour un accès à l'autonomie, - Vous pilotez les instances décisionnelles autour des situations individuelles,- - Vous décidez des mesures administratives et garantit la mise en oeuvre des mesures judiciaires, - Vous participez à la mise en oeuvre de la politique en appui du Directeur Enfance Adolescence Famille dans le cadre d'une approche qualité Vos missions principales sont : - Décider des mesures dans le cadre de la protection administrative et des prises en charge au titre de l'ASE des mesures de protection judiciaire, - Décider des signalements aux autorités judiciaires pour les mineurs bénéficiaires d'une mesure au titre de l'ASE, et à ce titre est l'interlocuteur du Parquet, - Vous êtes  l'interlocuteur  du  juge  des  enfants  pour  l'exercice  des  mesures  d'assistante  éducative  et  fait  valoir  une  position argumentée au nom du Président du Conseil départemental, - Vous êtes garant du respect du droit de l'enfant et sa famille au travers de la prise en compte des textes des différents codes et d'une veille législative et réglementaire, - Vous êtes responsable de l'adéquation du statut juridique de l'enfant à sa situation et aux liens avec les détenteurs de l'autorité parentale, - Vous garantissez  la  cohérence  du  parcours  de  l'enfant  et  la  réponse  à  ses  besoins  par  l'intermédiaire  des  projets  pour  l'enfant soumis à sa validation, - Vous validez l'orientation et la prise en charge des mineurs ou du jeune majeur (hors MNA) en famille d'accueil spécialisée ou non, ou en structure habilitée conformément à ses besoins, - Vous décidez des aides financières pour les familles relevant d'une mesure d'accueil physique ou d'aide éducative à domicile(AED), - Vous exercez l'autorité parentale pour les mineurs bénéficiaires d'une délégation d'autorité parentale et la représentation légale pour les mineurs sous tutelle administrative, - Vous garantissez  les  procédures  concernant  les  pupilles  (Alinéa  2  à  6)  et  rend  compte  au  tuteur  et  au  conseil  des  familles  de l'évolution et leur situation. Des astreintes téléphoniques sont à prévoir sur ce poste (soir, nuit, week-end et jours fériés)</description>
<profile>
<![CDATA[ Vous maîtrisez le cadre administratif et juridique et financier des collectivités territoriales ainsi que le cadre juridique et réglementaire lié aux missions de l'aide sociale à l'enfance et des procédures associées. Une connaissance des domaines d'intervention respective des secteurs judiciaires, psychologiques, sociaux et psychiatriques sont attendues pour ce poste. Pour mener à bien vos missions, vous devez maîtriser les techniques de communication orale et avoir un bon niveau de rédaction sur les écrits professionnels.   Eléments complémentaires : Le poste est situé à Melun. IR : 3% du traitement de base. - Titres restaurant - 25 CA et 24 RTT (sur la base de 39h hebdomadaires) - Participation employeur à la Mutuelle et prévoyance - Prestations sociales et COS - Offres de formations innovantes - Ecole des métiers - Accompagnement aux concours - Télétravail possible après une période d'intégration - Le poste est situé à Melun - Le poste est ouvert aux fonctionnaires par voie de détachement ou mutation et aux contractuels - Le Département est ouvert à la diversité et facilite l'accueil et l'intégration des travailleurs handicapés. ]]>
</profile>
<reference>
<![CDATA[ 240612/10243 ]]>
</reference>
<contract>
<![CDATA[ permanent ]]>
</contract>
<special_conditions>
<special_condition>
<![CDATA[ oncall_job ]]>
</special_condition>
</special_conditions>
<locations>
<location category="city">
<![CDATA[ Melun ]]>
</location>
<location category="department">
<![CDATA[ 77 ]]>
</location>
<location category="country">
<![CDATA[ France ]]>
</location>
</locations>
<department_code>
<![CDATA[ 77 ]]>
</department_code>
<zipcode>
<![CDATA[ 77000 ]]>
</zipcode>
<application_mode>
<![CDATA[ url ]]>
</application_mode>
<application_url>https://jobstats.robopost.com/count/clic.php?v=1817530&j=441&external_ats_id=2364</application_url>
<address_is_hidden>
<![CDATA[ true ]]>
</address_is_hidden>
</job>
<job>
<import_unique_id>
<![CDATA[ 1875049 ]]>
</import_unique_id>
<subentity_name>
<![CDATA[ Département de Seine-et-Marne ]]>
</subentity_name>
<entity_name>
<![CDATA[ Département de Seine-et-Marne ]]>
</entity_name>
<entity_description>
<![CDATA[ La Direction Générale adjointe de la Solidarité (DGAS), traite de toutes les questions allant de la protection maternelle et infantile, protection de l'enfance, aide aux personnes âgées et handicapées en passant par l'emploi et la santé. A travers ces différentes missions, elle oeuvre au quotidien pour faire du Département de Seine et Marne un territoire de la solidarité et de lutte contre les inégalités. La  DGAS s'est inscrit depuis plusieurs  années dans la transformation numérique et la digitalisation  de ses processus  en dématérialisant les dossiers des usagers de l'aide sociale à l'enfance, de l'autonomie, de la MDPH  et de la PMI. Envie de rejoindre un secteur en pleine mutation digitale et de donner du sens à la transformation numérique aux services des usagers ? Alors   rejoignez un Département résolument tourné vers l'avenir et une équipe dynamique !   ]]>
</entity_description>
<entity_website>
<![CDATA[ ]]>
</entity_website>
<occupation>
<![CDATA[ Ingénieur informatique ]]>
</occupation>
<starts_on>
<![CDATA[ 04/12/2024 ]]>
</starts_on>
<expires_on>
<![CDATA[ 03/01/2025 ]]>
</expires_on>
<title>
<![CDATA[ Chef De Projet Fonctionnel Responsable D'application H/F ]]>
</title>
<description>Au sein du Service Projets et Accompagnements des Métiers du Social  directement rattaché  au DGAS et  en  lien avec la Direction des Systèmes d'Information, vous participez à la transformation digitale  des process de  la Direction Générale Adjointe de la Solidarité  en accompagnant  les directions missions et les Territoires dans  l'appropriation des nouveaux usages numériques. A ce titre, vous exercez les missions suivantes : - Participer à la mise en oeuvre des projets numériques de la DGAS, - Rechercher et mettre en oeuvre des solutions visant à améliorer l'utilisation des différents outils, - Organiser et animer des sessions d'information ou de formation utilisateurs, et rédiger des manuels utilisateurs, - Coordonner et piloter les montées de versions des logiciels métiers en lien avec la DSIN et les  utilisateurs - Effectuer une veille active de la  qualité des données, analyser les anomalies et participer à la mise en place d'actions correctives ou de sensibilisation auprès des utilisateurs, - Participer à l'élaboration des outils de pilotage.</description>
<profile>
<![CDATA[ Vous aimez travailler en équipe et  être challengé pour mettre en place des projets innovants. Vous êtes reconnu(e) pour vos qualités d'écoutes,  rédactionnelles, d'analyse, de synthèse et de propositions. Dotez d'une curiosité débordante, d'un sens aigu des priorités et d'un bon relationnel. - Titres restaurant - 25 CA et 24 RTT (sur la base de 39h hebdomadaires)  - Participation employeur à la Mutuelle et prévoyance - Gare à proximité (à 25 min de Paris gare de Lyon) - Prestations sociales et COS - Offres de formations innovantes - Ecole des métiers - Accompagnement aux concours - Télétravail possible après une période d'intégration - Le poste est situé à Melun - Le poste est ouvert aux fonctionnaires par voie de détachement ou mutation et aux contractuels - Le Département est ouvert à la diversité et facilite l'accueil et l'intégration des travailleurs handicapés. ]]>
</profile>
<reference>
<![CDATA[ 241204/10309 ]]>
</reference>
<contract>
<![CDATA[ permanent ]]>
</contract>
<locations>
<location category="city">
<![CDATA[ Melun ]]>
</location>
<location category="department">
<![CDATA[ 77 ]]>
</location>
<location category="country">
<![CDATA[ France ]]>
</location>
</locations>
<department_code>
<![CDATA[ 77 ]]>
</department_code>
<zipcode>
<![CDATA[ 77000 ]]>
</zipcode>
<application_mode>
<![CDATA[ url ]]>
</application_mode>
<application_url>https://jobstats.robopost.com/count/clic.php?v=1826718&j=441&external_ats_id=2636</application_url>
<address_is_hidden>
<![CDATA[ true ]]>
</address_is_hidden>
</job>
<job>
<import_unique_id>
<![CDATA[ 1875082 ]]>
</import_unique_id>
<subentity_name>
<![CDATA[ Département de Seine-et-Marne ]]>
</subentity_name>
<entity_name>
<![CDATA[ Département de Seine-et-Marne ]]>
</entity_name>
<entity_description>
<![CDATA[ La Direction Générale adjointe de la Solidarité (DGAS), traite de toutes les questions allant de la protection maternelle et infantile, protection de l'enfance, aide aux personnes âgées et handicapées en passant par l'emploi et la santé. A travers ces différentes missions, elle oeuvre au quotidien pour faire du Département un territoire de la solidarité et de lutte contre les inégalités. ]]>
</entity_description>
<entity_website>
<![CDATA[ ]]>
</entity_website>
<occupation>
<![CDATA[ Gestionnaire / comptable ]]>
</occupation>
<starts_on>
<![CDATA[ 04/12/2024 ]]>
</starts_on>
<expires_on>
<![CDATA[ 03/01/2025 ]]>
</expires_on>
<title>
<![CDATA[ Gestionnaire paie H/F ]]>
</title>
<description>Sous la responsabilité du chef de service carrière et rémunération de la sous-direction de l'accueil familial, vous réalisez la paie des 400 assistants familiaux du département et assurez la gestion administrative de leurs carrières. A ce titre, vous exercez les missions suivantes : - Préparer et rédiger les actes de gestion relatifs à la carrière des personnels. - Préparer, saisir les éléments pour permettre le calcul de la paie et assurer son contrôle mensuel. - Suivre et gérer les différents mouvements : suivis des modifications de contrat - Rédiger des notes et des courriers administratifs. - Saisies informatiques de bases de données. - Conseiller, renseigner et recevoir les agents. - Assurer une veille juridique. - Effectuer le paiement des allocations aux enfants. - Instruire et payer les prestations sociales à destination des assistants familiaux. - Effectuer et suivre les visites médicales de reprise du travail en lien avec la DRH. - Contrôler la saisie des placements des enfants effectués. - Contrôler le net imposable. - Contrôler l'IRCP (en février).</description>
<profile>
<![CDATA[ Vous êtes titulaire d'un diplôme de niveau 4 avec une première expérience similaire. Vous avez une connaissance des outils informatiques, de la législation du travail et du statut des assistants familiaux, de la législation du chômage et de l'indemnisation de la maladie. Vous faites preuves de rigueur, d'organisation, d'autonomie, de polyvalence et de discrétion. - Titres restaurant - 25 CA et 24 RTT (sur la base de 39h hebdomadaires)  - Participation employeur à la Mutuelle et prévoyance - Prestations sociales et COS - Offres de formations innovantes - Parcours managérial - Ecole des métiers - Accompagnement aux concours - Télétravail possible après une période d'intégration - Le poste est situé à Melun - Le poste est ouvert aux fonctionnaires par voie de détachement ou mutation et aux contractuels - Le Département est ouvert à la diversité et facilite l'accueil et l'intégration des travailleurs handicapés. ]]>
</profile>
<reference>
<![CDATA[ 241204/10822 ]]>
</reference>
<contract>
<![CDATA[ permanent ]]>
</contract>
<locations>
<location category="city">
<![CDATA[ Melun ]]>
</location>
<location category="department">
<![CDATA[ 77 ]]>
</location>
<location category="country">
<![CDATA[ France ]]>
</location>
</locations>
<department_code>
<![CDATA[ 77 ]]>
</department_code>
<zipcode>
<![CDATA[ 77000 ]]>
</zipcode>
<application_mode>
<![CDATA[ url ]]>
</application_mode>
<application_url>https://jobstats.robopost.com/count/clic.php?v=1826751&j=441&external_ats_id=2637</application_url>
<address_is_hidden>
<![CDATA[ true ]]>
</address_is_hidden>
</job>
<job>
<import_unique_id>
<![CDATA[ 1875240 ]]>
</import_unique_id>
<subentity_name>
<![CDATA[ Département de Seine-et-Marne ]]>
</subentity_name>
<entity_name>
<![CDATA[ Département de Seine-et-Marne ]]>
</entity_name>
<entity_description>
<![CDATA[ La Direction Générale adjointe de la Solidarité (DGAS), traite de toutes les questions allant de la protection maternelle et infantile, protection de l'enfance, aide aux personnes âgées et handicapées en passant par l'emploi et la santé. A travers ces différentes missions, elle oeuvre au quotidien pour faire du Département un territoire de la solidarité et de lutte contre les inégalités. ]]>
</entity_description>
<entity_website>
<![CDATA[ ]]>
</entity_website>
<occupation>
<![CDATA[ Chef de projet ]]>
</occupation>
<starts_on>
<![CDATA[ 04/12/2024 ]]>
</starts_on>
<expires_on>
<![CDATA[ 03/01/2025 ]]>
</expires_on>
<title>
<![CDATA[ Coordinateur Autonomie H/F ]]>
</title>
<description>Rattaché au chef de service de la coordination médico-sociale vous recensez les besoins, proposez et participé à la mise en oeuvre de la politique médico-sociale en faveur des personnes âgées. Vous exercez une fonction de conseil technique et d'expertise sur la perte d'autonomie et la dépendance des personnes âgées auprès des équipes médico-sociales en charge de l'APA. Vous participez également à la mise en oeuvre de la coordination gérontologique avec l'ensemble des acteurs oeuvrant dans le domaine de la perte d'autonomie. A ce titre, vos missions principales sont : Apporter votre conseil technique, et votre soutien aux pratiques professionnelles des équipes médico-sociales en charge de l'APA ; - Assurer le suivi de l'évaluation CMI en lien avec la MDPH dans le cadre des demandes d'APA - Assurer le suivi de la reconnaissance des évaluations avec la CNAV ; - Coordonner et suivre le dispositif d'accueil familial en faveur des personnes âgées et des adultes handicapés ; - Assurer la référence concernant les aides techniques ; - Animer le réseau partenarial. A titre secondaire, vous pouvez être amené(e) à occuper les missions suivantes : - Réaliser des études concernant le secteur des personnes âgé et assurer le suivi des tableaux de bord. de rapports d'activité liées à l'APA, l'accueil familial ; - Veiller au bon fonctionnement des logiciels métiers concernant l'APA et l'Accueil Familial ; - Participer à la plateforme d'échange de données et à la foire aux questions concernant les aides techniques et l'accueil familial ; - Assurer des visites à domicile chez les accueillants familiaux de personnes âgées - Participer au recensement des besoins de formation des accueillants familiaux, des équipes médico-sociales en charge de l'APA - Participer à la gestion du budget du service - Participation au dispositif de protection des majeurs vulnérables</description>
<profile>
<![CDATA[ Issu d'une formation Bac+3 à  BAC+5 dans l'univers du médico-social. Vous connaissez l'environnement juridique des collectivités, la comptabilité et les marchés publics. Vous maîtrisez l'outil informatique. Vous disposez idéalement d'une expérience affirmée dans le secteur médico-social et souhaitez poursuivre votre investissement en faveur des publics vulnérables. Vous disposez d'une connaissance fine du champ partenarial des acteurs de l'autonomie des personnes âgées, et  maîtrisez les dispositifs d'aides en leur faveur. Vous savez faire preuve de pédagogie, de diplomatie et d'autonomie. Vous savez adapter vos échanges écrits et oraux en fonction des partenaires contactés et savez maîtriser les situations stressantes. Pédagogie, rigueur, discrétion, qualités relationnelles, capacité d'analyse et gout du travail en équipe pluridisciplinaire sont des qualités indispensables pour ce poste. Permis B obligatoire   - Titres restaurant - 25 CA et 24 RTT (sur la base de 39h hebdomadaires)  - Participation employeur à la Mutuelle et prévoyance - Parking gratuit - Gare à proximité (à 25 min de Paris gare de Lyon) - Prestations sociales et COS - Offres de formations innovantes - Ecole des métiers - Accompagnement aux concours - Télétravail possible après une période d'intégration - Le poste est situé à Melun - Le poste est ouvert aux fonctionnaires par voie de détachement ou mutation et aux contractuels - Le Département est ouvert à la diversité et facilite l'accueil et l'intégration des travailleurs handicapés. ]]>
</profile>
<reference>
<![CDATA[ 241204/12577 ]]>
</reference>
<contract>
<![CDATA[ permanent ]]>
</contract>
<locations>
<location category="city">
<![CDATA[ Savigny-le-Temple ]]>
</location>
<location category="department">
<![CDATA[ 77 ]]>
</location>
<location category="country">
<![CDATA[ France ]]>
</location>
</locations>
<department_code>
<![CDATA[ 77 ]]>
</department_code>
<zipcode>
<![CDATA[ 77176 ]]>
</zipcode>
<application_mode>
<![CDATA[ url ]]>
</application_mode>
<application_url>https://jobstats.robopost.com/count/clic.php?v=1826901&j=441&external_ats_id=2638</application_url>
<address_is_hidden>
<![CDATA[ true ]]>
</address_is_hidden>
</job>
</agencestaff>
</root>
