<root>
<agencestaff>
<job>
<import_unique_id>
<![CDATA[ 1875049 ]]>
</import_unique_id>
<subentity_name>
<![CDATA[ Département de Seine-et-Marne ]]>
</subentity_name>
<entity_name>
<![CDATA[ Département de Seine-et-Marne ]]>
</entity_name>
<entity_description>
<![CDATA[ La Direction Générale adjointe de la Solidarité (DGAS), traite de toutes les questions allant de la protection maternelle et infantile, protection de l'enfance, aide aux personnes âgées et handicapées en passant par l'emploi et la santé. A travers ces différentes missions, elle oeuvre au quotidien pour faire du Département de Seine et Marne un territoire de la solidarité et de lutte contre les inégalités. La  DGAS s'est inscrit depuis plusieurs  années dans la transformation numérique et la digitalisation  de ses processus  en dématérialisant les dossiers des usagers de l'aide sociale à l'enfance, de l'autonomie, de la MDPH  et de la PMI. Envie de rejoindre un secteur en pleine mutation digitale et de donner du sens à la transformation numérique aux services des usagers ? Alors   rejoignez un Département résolument tourné vers l'avenir et une équipe dynamique !   ]]>
</entity_description>
<entity_website>
<![CDATA[ ]]>
</entity_website>
<occupation>
<![CDATA[ Ingénieur informatique ]]>
</occupation>
<starts_on>
<![CDATA[ 04/12/2024 ]]>
</starts_on>
<expires_on>
<![CDATA[ 03/01/2025 ]]>
</expires_on>
<title>
<![CDATA[ Chef De Projet Fonctionnel Responsable D'application H/F ]]>
</title>
<description>Au sein du Service Projets et Accompagnements des Métiers du Social  directement rattaché  au DGAS et  en  lien avec la Direction des Systèmes d'Information, vous participez à la transformation digitale  des process de  la Direction Générale Adjointe de la Solidarité  en accompagnant  les directions missions et les Territoires dans  l'appropriation des nouveaux usages numériques. A ce titre, vous exercez les missions suivantes : - Participer à la mise en oeuvre des projets numériques de la DGAS, - Rechercher et mettre en oeuvre des solutions visant à améliorer l'utilisation des différents outils, - Organiser et animer des sessions d'information ou de formation utilisateurs, et rédiger des manuels utilisateurs, - Coordonner et piloter les montées de versions des logiciels métiers en lien avec la DSIN et les  utilisateurs - Effectuer une veille active de la  qualité des données, analyser les anomalies et participer à la mise en place d'actions correctives ou de sensibilisation auprès des utilisateurs, - Participer à l'élaboration des outils de pilotage.</description>
<profile>
<![CDATA[ Vous aimez travailler en équipe et  être challengé pour mettre en place des projets innovants. Vous êtes reconnu(e) pour vos qualités d'écoutes,  rédactionnelles, d'analyse, de synthèse et de propositions. Dotez d'une curiosité débordante, d'un sens aigu des priorités et d'un bon relationnel. - Titres restaurant - 25 CA et 24 RTT (sur la base de 39h hebdomadaires)  - Participation employeur à la Mutuelle et prévoyance - Gare à proximité (à 25 min de Paris gare de Lyon) - Prestations sociales et COS - Offres de formations innovantes - Ecole des métiers - Accompagnement aux concours - Télétravail possible après une période d'intégration - Le poste est situé à Melun - Le poste est ouvert aux fonctionnaires par voie de détachement ou mutation et aux contractuels - Le Département est ouvert à la diversité et facilite l'accueil et l'intégration des travailleurs handicapés. ]]>
</profile>
<reference>
<![CDATA[ 241204/10309 ]]>
</reference>
<contract>
<![CDATA[ permanent ]]>
</contract>
<locations>
<location category="city">
<![CDATA[ Melun ]]>
</location>
<location category="department">
<![CDATA[ 77 ]]>
</location>
<location category="country">
<![CDATA[ France ]]>
</location>
</locations>
<department_code>
<![CDATA[ 77 ]]>
</department_code>
<zipcode>
<![CDATA[ 77000 ]]>
</zipcode>
<application_mode>
<![CDATA[ url ]]>
</application_mode>
<application_url>https://jobstats.robopost.com/count/clic.php?v=1826718&j=441&external_ats_id=2636</application_url>
<address_is_hidden>
<![CDATA[ true ]]>
</address_is_hidden>
</job>
<job>
<import_unique_id>
<![CDATA[ 1875082 ]]>
</import_unique_id>
<subentity_name>
<![CDATA[ Département de Seine-et-Marne ]]>
</subentity_name>
<entity_name>
<![CDATA[ Département de Seine-et-Marne ]]>
</entity_name>
<entity_description>
<![CDATA[ La Direction Générale adjointe de la Solidarité (DGAS), traite de toutes les questions allant de la protection maternelle et infantile, protection de l'enfance, aide aux personnes âgées et handicapées en passant par l'emploi et la santé. A travers ces différentes missions, elle oeuvre au quotidien pour faire du Département un territoire de la solidarité et de lutte contre les inégalités. ]]>
</entity_description>
<entity_website>
<![CDATA[ ]]>
</entity_website>
<occupation>
<![CDATA[ Gestionnaire / comptable ]]>
</occupation>
<starts_on>
<![CDATA[ 04/12/2024 ]]>
</starts_on>
<expires_on>
<![CDATA[ 03/01/2025 ]]>
</expires_on>
<title>
<![CDATA[ Gestionnaire paie H/F ]]>
</title>
<description>Sous la responsabilité du chef de service carrière et rémunération de la sous-direction de l'accueil familial, vous réalisez la paie des 400 assistants familiaux du département et assurez la gestion administrative de leurs carrières. A ce titre, vous exercez les missions suivantes : - Préparer et rédiger les actes de gestion relatifs à la carrière des personnels. - Préparer, saisir les éléments pour permettre le calcul de la paie et assurer son contrôle mensuel. - Suivre et gérer les différents mouvements : suivis des modifications de contrat - Rédiger des notes et des courriers administratifs. - Saisies informatiques de bases de données. - Conseiller, renseigner et recevoir les agents. - Assurer une veille juridique. - Effectuer le paiement des allocations aux enfants. - Instruire et payer les prestations sociales à destination des assistants familiaux. - Effectuer et suivre les visites médicales de reprise du travail en lien avec la DRH. - Contrôler la saisie des placements des enfants effectués. - Contrôler le net imposable. - Contrôler l'IRCP (en février).</description>
<profile>
<![CDATA[ Vous êtes titulaire d'un diplôme de niveau 4 avec une première expérience similaire. Vous avez une connaissance des outils informatiques, de la législation du travail et du statut des assistants familiaux, de la législation du chômage et de l'indemnisation de la maladie. Vous faites preuves de rigueur, d'organisation, d'autonomie, de polyvalence et de discrétion. - Titres restaurant - 25 CA et 24 RTT (sur la base de 39h hebdomadaires)  - Participation employeur à la Mutuelle et prévoyance - Prestations sociales et COS - Offres de formations innovantes - Parcours managérial - Ecole des métiers - Accompagnement aux concours - Télétravail possible après une période d'intégration - Le poste est situé à Melun - Le poste est ouvert aux fonctionnaires par voie de détachement ou mutation et aux contractuels - Le Département est ouvert à la diversité et facilite l'accueil et l'intégration des travailleurs handicapés. ]]>
</profile>
<reference>
<![CDATA[ 241204/10822 ]]>
</reference>
<contract>
<![CDATA[ permanent ]]>
</contract>
<locations>
<location category="city">
<![CDATA[ Melun ]]>
</location>
<location category="department">
<![CDATA[ 77 ]]>
</location>
<location category="country">
<![CDATA[ France ]]>
</location>
</locations>
<department_code>
<![CDATA[ 77 ]]>
</department_code>
<zipcode>
<![CDATA[ 77000 ]]>
</zipcode>
<application_mode>
<![CDATA[ url ]]>
</application_mode>
<application_url>https://jobstats.robopost.com/count/clic.php?v=1826751&j=441&external_ats_id=2637</application_url>
<address_is_hidden>
<![CDATA[ true ]]>
</address_is_hidden>
</job>
<job>
<import_unique_id>
<![CDATA[ 1875240 ]]>
</import_unique_id>
<subentity_name>
<![CDATA[ Département de Seine-et-Marne ]]>
</subentity_name>
<entity_name>
<![CDATA[ Département de Seine-et-Marne ]]>
</entity_name>
<entity_description>
<![CDATA[ La Direction Générale adjointe de la Solidarité (DGAS), traite de toutes les questions allant de la protection maternelle et infantile, protection de l'enfance, aide aux personnes âgées et handicapées en passant par l'emploi et la santé. A travers ces différentes missions, elle oeuvre au quotidien pour faire du Département un territoire de la solidarité et de lutte contre les inégalités. ]]>
</entity_description>
<entity_website>
<![CDATA[ ]]>
</entity_website>
<occupation>
<![CDATA[ Chef de projet ]]>
</occupation>
<starts_on>
<![CDATA[ 04/12/2024 ]]>
</starts_on>
<expires_on>
<![CDATA[ 03/01/2025 ]]>
</expires_on>
<title>
<![CDATA[ Coordinateur Autonomie H/F ]]>
</title>
<description>Rattaché au chef de service de la coordination médico-sociale vous recensez les besoins, proposez et participé à la mise en oeuvre de la politique médico-sociale en faveur des personnes âgées. Vous exercez une fonction de conseil technique et d'expertise sur la perte d'autonomie et la dépendance des personnes âgées auprès des équipes médico-sociales en charge de l'APA. Vous participez également à la mise en oeuvre de la coordination gérontologique avec l'ensemble des acteurs oeuvrant dans le domaine de la perte d'autonomie. A ce titre, vos missions principales sont : Apporter votre conseil technique, et votre soutien aux pratiques professionnelles des équipes médico-sociales en charge de l'APA ; - Assurer le suivi de l'évaluation CMI en lien avec la MDPH dans le cadre des demandes d'APA - Assurer le suivi de la reconnaissance des évaluations avec la CNAV ; - Coordonner et suivre le dispositif d'accueil familial en faveur des personnes âgées et des adultes handicapés ; - Assurer la référence concernant les aides techniques ; - Animer le réseau partenarial. A titre secondaire, vous pouvez être amené(e) à occuper les missions suivantes : - Réaliser des études concernant le secteur des personnes âgé et assurer le suivi des tableaux de bord. de rapports d'activité liées à l'APA, l'accueil familial ; - Veiller au bon fonctionnement des logiciels métiers concernant l'APA et l'Accueil Familial ; - Participer à la plateforme d'échange de données et à la foire aux questions concernant les aides techniques et l'accueil familial ; - Assurer des visites à domicile chez les accueillants familiaux de personnes âgées - Participer au recensement des besoins de formation des accueillants familiaux, des équipes médico-sociales en charge de l'APA - Participer à la gestion du budget du service - Participation au dispositif de protection des majeurs vulnérables</description>
<profile>
<![CDATA[ Issu d'une formation Bac+3 à  BAC+5 dans l'univers du médico-social. Vous connaissez l'environnement juridique des collectivités, la comptabilité et les marchés publics. Vous maîtrisez l'outil informatique. Vous disposez idéalement d'une expérience affirmée dans le secteur médico-social et souhaitez poursuivre votre investissement en faveur des publics vulnérables. Vous disposez d'une connaissance fine du champ partenarial des acteurs de l'autonomie des personnes âgées, et  maîtrisez les dispositifs d'aides en leur faveur. Vous savez faire preuve de pédagogie, de diplomatie et d'autonomie. Vous savez adapter vos échanges écrits et oraux en fonction des partenaires contactés et savez maîtriser les situations stressantes. Pédagogie, rigueur, discrétion, qualités relationnelles, capacité d'analyse et gout du travail en équipe pluridisciplinaire sont des qualités indispensables pour ce poste. Permis B obligatoire   - Titres restaurant - 25 CA et 24 RTT (sur la base de 39h hebdomadaires)  - Participation employeur à la Mutuelle et prévoyance - Parking gratuit - Gare à proximité (à 25 min de Paris gare de Lyon) - Prestations sociales et COS - Offres de formations innovantes - Ecole des métiers - Accompagnement aux concours - Télétravail possible après une période d'intégration - Le poste est situé à Melun - Le poste est ouvert aux fonctionnaires par voie de détachement ou mutation et aux contractuels - Le Département est ouvert à la diversité et facilite l'accueil et l'intégration des travailleurs handicapés. ]]>
</profile>
<reference>
<![CDATA[ 241204/12577 ]]>
</reference>
<contract>
<![CDATA[ permanent ]]>
</contract>
<locations>
<location category="city">
<![CDATA[ Savigny-le-Temple ]]>
</location>
<location category="department">
<![CDATA[ 77 ]]>
</location>
<location category="country">
<![CDATA[ France ]]>
</location>
</locations>
<department_code>
<![CDATA[ 77 ]]>
</department_code>
<zipcode>
<![CDATA[ 77176 ]]>
</zipcode>
<application_mode>
<![CDATA[ url ]]>
</application_mode>
<application_url>https://jobstats.robopost.com/count/clic.php?v=1826901&j=441&external_ats_id=2638</application_url>
<address_is_hidden>
<![CDATA[ true ]]>
</address_is_hidden>
</job>
</agencestaff>
</root>
