This XML file does not appear to have any style information associated with it. The document tree is shown below.
<root>
<agencestaff>
<job>
<import_unique_id>
<![CDATA[ 1848002 ]]>
</import_unique_id>
<subentity_name>
<![CDATA[ Ville d'Aubervilliers ]]>
</subentity_name>
<entity_name>
<![CDATA[ Ville d'Aubervilliers ]]>
</entity_name>
<entity_description>
<![CDATA[ ]]>
</entity_description>
<entity_website>
<![CDATA[ ]]>
</entity_website>
<occupation>
<![CDATA[ Infirmier ]]>
</occupation>
<starts_on>
<![CDATA[ 08/11/2024 ]]>
</starts_on>
<expires_on>
<![CDATA[ 08/12/2024 ]]>
</expires_on>
<title>
<![CDATA[ RESPONSABLE DU PROGRAMME PETITE ENFANCE - INFIRMIER (H/F) ]]>
</title>
<description>Au sein du Service de Promotion de la Santé, vous travaillez pour la Direction de la Santé Publique.    Le Programme Petite Enfance a pour objectif de favoriser les conditions de développement en bonne santé des enfants de 0 à 3 ans. A partir de la participation des parents, de la mobilisation des partenaires et dans le cadre d'une approche communautaire, ce programme promeut des conditions psychosociales favorisant le développement psychologique, affectif, cognitif et social des jeunes enfants. Les missions sont réalisées par 2 professionnels (1 psychologue, 1 infirmière).   Pour votre part : - Vous contribuez à l'amélioration du bien-être psychique des enfants de 0 à 3 ans.  - Vous participez à la conception, à l'élaboration et à la mise en place opérationnelle des activités déclinées au sein du Programme Petite Enfance. - Vous coordonnez les activités du Programme Petite Enfance en lien avec les partenaires.   Vous accompagnez en binôme les parents dans leurs capacités à répondre aux besoins de santé de leurs enfants en réalisant des Visites à Domiciles (VAD) auprès des familles. Vous favorisez un réseau partenarial afin de promouvoir une culture commune de la Petite Enfance. Vous organisez et suivez les instances du programme. Vous organisez des rencontres collectives avec les familles pour favoriser l'expression de leurs besoins de santé. Vous rédigez les dossiers de demandes de subventions, les bilans d'activités annuels et les demandes de marchés publics (en transversalité avec la Direction de la Petite Enfance).</description>
<profile>
<![CDATA[ ·         Diplôme Infirmier.e ·         La spécialité d'infirmier.e puériculteur.rice serait un plus ·         Expérience d'au moins 1 an dans des fonctions similaires ·         Autonome, rigoureux, dynamique et sens de l'engagement ·         Connaissance de la politique de santé publique dans le champ de la santé mentale et de la périnatalité  ·         Connaissances de l'environnement territorial ·         Capacité à animer un réseau partenarial et des actions collectives ·         Des connaissances sur les méthodes de développement des compétences psycho-sociales seraient un plus ·         Respect de la confidentialité ·         Cadre d'emploi des infirmiers ·         Poste permanent - temps complet (37H30) à pourvoir dès que possible ·         Lieu de travail : 31/33 rue de la commune de paris AUBERVILLIERS  ·         Comité National des Actions Sociales (CNAS) : spectacles, sorties culturelles, voyages, sport...  ·         Prise en charge mutuelle.  ·         Participation au transport (75%).  ·         Compte épargne-temps. ·         15 jours de RTT + 25 jours de congés annuels.   ]]>
</profile>
<reference>
<![CDATA[ CS/RDPPEI/517/2024 ]]>
</reference>
<contract>
<![CDATA[ permanent ]]>
</contract>
<experience_levels>
<experience_level>
<![CDATA[ less_than_two_years ]]>
</experience_level>
</experience_levels>
<locations>
<location category="city">
<![CDATA[ Aubervilliers ]]>
</location>
<location category="department">
<![CDATA[ 93 ]]>
</location>
<location category="country">
<![CDATA[ France ]]>
</location>
</locations>
<department_code>
<![CDATA[ 93 ]]>
</department_code>
<zipcode>
<![CDATA[ 93300 ]]>
</zipcode>
<application_mode>
<![CDATA[ url ]]>
</application_mode>
<application_url>https://jobstats.robopost.com/count/clic.php?v=1799912&j=441&external_ats_id=662</application_url>
<address_is_hidden>
<![CDATA[ true ]]>
</address_is_hidden>
</job>

</agencestaff>
</root>
