This XML file does not appear to have any style information associated with it. The document tree is shown below.
<root>
<agencestaff>
<job>
<import_unique_id>
<![CDATA[ 1848002 ]]>
</import_unique_id>
<subentity_name>
<![CDATA[ Ville d'Aubervilliers ]]>
</subentity_name>
<entity_name>
<![CDATA[ Ville d'Aubervilliers ]]>
</entity_name>
<entity_description>
<![CDATA[ ]]>
</entity_description>
<entity_website>
<![CDATA[ ]]>
</entity_website>
<occupation>
<![CDATA[ Infirmier ]]>
</occupation>
<starts_on>
<![CDATA[ 08/11/2024 ]]>
</starts_on>
<expires_on>
<![CDATA[ 08/12/2024 ]]>
</expires_on>
<title>
<![CDATA[ RESPONSABLE DU PROGRAMME PETITE ENFANCE - INFIRMIER (H/F) ]]>
</title>
<description>Au sein du Service de Promotion de la Santé, vous travaillez pour la Direction de la Santé Publique.    Le Programme Petite Enfance a pour objectif de favoriser les conditions de développement en bonne santé des enfants de 0 à 3 ans. A partir de la participation des parents, de la mobilisation des partenaires et dans le cadre d'une approche communautaire, ce programme promeut des conditions psychosociales favorisant le développement psychologique, affectif, cognitif et social des jeunes enfants. Les missions sont réalisées par 2 professionnels (1 psychologue, 1 infirmière).   Pour votre part : - Vous contribuez à l'amélioration du bien-être psychique des enfants de 0 à 3 ans.  - Vous participez à la conception, à l'élaboration et à la mise en place opérationnelle des activités déclinées au sein du Programme Petite Enfance. - Vous coordonnez les activités du Programme Petite Enfance en lien avec les partenaires.   Vous accompagnez en binôme les parents dans leurs capacités à répondre aux besoins de santé de leurs enfants en réalisant des Visites à Domiciles (VAD) auprès des familles. Vous favorisez un réseau partenarial afin de promouvoir une culture commune de la Petite Enfance. Vous organisez et suivez les instances du programme. Vous organisez des rencontres collectives avec les familles pour favoriser l'expression de leurs besoins de santé. Vous rédigez les dossiers de demandes de subventions, les bilans d'activités annuels et les demandes de marchés publics (en transversalité avec la Direction de la Petite Enfance).</description>
<profile>
<![CDATA[ ·         Diplôme Infirmier.e ·         La spécialité d'infirmier.e puériculteur.rice serait un plus ·         Expérience d'au moins 1 an dans des fonctions similaires ·         Autonome, rigoureux, dynamique et sens de l'engagement ·         Connaissance de la politique de santé publique dans le champ de la santé mentale et de la périnatalité  ·         Connaissances de l'environnement territorial ·         Capacité à animer un réseau partenarial et des actions collectives ·         Des connaissances sur les méthodes de développement des compétences psycho-sociales seraient un plus ·         Respect de la confidentialité ·         Cadre d'emploi des infirmiers ·         Poste permanent - temps complet (37H30) à pourvoir dès que possible ·         Lieu de travail : 31/33 rue de la commune de paris AUBERVILLIERS  ·         Comité National des Actions Sociales (CNAS) : spectacles, sorties culturelles, voyages, sport...  ·         Prise en charge mutuelle.  ·         Participation au transport (75%).  ·         Compte épargne-temps. ·         15 jours de RTT + 25 jours de congés annuels.   ]]>
</profile>
<reference>
<![CDATA[ CS/RDPPEI/517/2024 ]]>
</reference>
<contract>
<![CDATA[ permanent ]]>
</contract>
<experience_levels>
<experience_level>
<![CDATA[ less_than_two_years ]]>
</experience_level>
</experience_levels>
<locations>
<location category="city">
<![CDATA[ Aubervilliers ]]>
</location>
<location category="department">
<![CDATA[ 93 ]]>
</location>
<location category="country">
<![CDATA[ France ]]>
</location>
</locations>
<department_code>
<![CDATA[ 93 ]]>
</department_code>
<zipcode>
<![CDATA[ 93300 ]]>
</zipcode>
<application_mode>
<![CDATA[ url ]]>
</application_mode>
<application_url>https://jobstats.robopost.com/count/clic.php?v=1799912&j=441&external_ats_id=662</application_url>
<address_is_hidden>
<![CDATA[ true ]]>
</address_is_hidden>
</job>
<job>
<import_unique_id>
<![CDATA[ 1860777 ]]>
</import_unique_id>
<subentity_name>
<![CDATA[ Ville d'Aubervilliers ]]>
</subentity_name>
<entity_name>
<![CDATA[ Ville d'Aubervilliers ]]>
</entity_name>
<entity_description>
<![CDATA[ ]]>
</entity_description>
<entity_website>
<![CDATA[ ]]>
</entity_website>
<occupation>
<![CDATA[ Psychologue ]]>
</occupation>
<starts_on>
<![CDATA[ 20/11/2024 ]]>
</starts_on>
<expires_on>
<![CDATA[ 20/12/2024 ]]>
</expires_on>
<title>
<![CDATA[ PSYCHOLOGUE CSAPA H/F ]]>
</title>
<description>Vous concevez, élaborez et mettez en place des actions préventives, curatives et de recherche afin de promouvoir l'autonomie et le bien être des patients du CSAPA  Vous participez à la maitrise de stage Vous assurez la coordination d'équipe du CSAPA  Vous assurez les consultations de psychologie pour les patients suivi au sein du CSAPA Vous animez les ateliers, les activités de groupe... Vous participez à la définition du projet de santé du CSAPA  Vous favorisez le travail pluri-professionnel, même en dehors du CSAPA Vous effectuez la coordination d'équipe   </description>
<profile>
<![CDATA[ Diplôme mention psychologie Expérience d'au moins 1 à 3 ans sur ce poste similaire appréciée Sens du service public Esprit d'équipe, sens de l'écoute, disponibilité, organisation ... Connaitre le monde de l'addictologie et des CSAPA Connaitre le cadre légal régissant le métier de psychologue Animer le réseau pluriprofessionnel interne et externe Animer des activités de groupe Coordonner une équipe Etre assidu, ponctuel Être empathique, disponible, pro actif Avoir une inclination pour le travail d'équipe  Cadre d'emploi psychologue de classe normal, catégorie A Poste permanent - temps complet 37h30 (25 jours de CA et 15 jours de RTT) à pourvoir dès que possible  Lieu de travail : 5 Rue du Pesqué 93300 Aubervilliers  Comité National des Actions Sociales (CNAS) : cinéma, spectacles, sorties culturelles, voyages, sport... Prise en charge mutuelle Participation au transport (75%) Compte épargne temps ]]>
</profile>
<reference>
<![CDATA[ CS/PC/435/2024 ]]>
</reference>
<contract>
<![CDATA[ permanent ]]>
</contract>
<experience_levels>
<experience_level>
<![CDATA[ less_than_two_years ]]>
</experience_level>
</experience_levels>
<locations>
<location category="city">
<![CDATA[ Aubervilliers ]]>
</location>
<location category="department">
<![CDATA[ 93 ]]>
</location>
<location category="country">
<![CDATA[ France ]]>
</location>
</locations>
<department_code>
<![CDATA[ 93 ]]>
</department_code>
<zipcode>
<![CDATA[ 93300 ]]>
</zipcode>
<application_mode>
<![CDATA[ url ]]>
</application_mode>
<application_url>https://jobstats.robopost.com/count/clic.php?v=1812544&j=441&external_ats_id=667</application_url>
<address_is_hidden>
<![CDATA[ true ]]>
</address_is_hidden>
</job>
<job>
<import_unique_id>
<![CDATA[ 1875036 ]]>
</import_unique_id>
<subentity_name>
<![CDATA[ Ville d'Aubervilliers ]]>
</subentity_name>
<entity_name>
<![CDATA[ Ville d'Aubervilliers ]]>
</entity_name>
<entity_description>
<![CDATA[ Aubervilliers est une commune française située dans la banlieue immédiate de Paris au nord, précisément dans le département de la Seine-Saint-Denis en région Île-de-France. Ses habitants sont appelés les Albertivillariens. Son identité urbaine et humaine est marquée par l'héritage de l'industrie et du travail. ]]>
</entity_description>
<entity_website>
<![CDATA[ ]]>
</entity_website>
<occupation>
<![CDATA[ Assistant social ]]>
</occupation>
<starts_on>
<![CDATA[ 04/12/2024 ]]>
</starts_on>
<expires_on>
<![CDATA[ 03/01/2025 ]]>
</expires_on>
<title>
<![CDATA[ ASSISTANT SOCIAL (H/F) ]]>
</title>
<description>Vous serez directement rattaché à la Direction Développement de l'action sociale qui comprend le CCAS, la Mission Inclusion et le Service Social municipal. Vous bénéficierez d'un environnement professionnel composé de services spécialisés et experts dans leur domaine, à savoir un service Prévention des Expulsions Locatives, un service Droit des Etrangers, une Mission Handicap, un pôle gérontologie et dépendrez du pôle Solidarités-Proximité. Vous assurez pour le compte du Service Social Municipal l'accompagnement social individuel et collectif des personnes accueillies. Sous la responsabilité de la responsable de circonscription, vous pourrez vous appuyer dans votre mission sur le soutien des conseillères techniques, sur un riche réseau de partenaires et sur des innovations locales vous permettant de contribuer au développement social du territoire. Dans le cadre de la polyvalence de secteur, vous avez pour mission principale d'accueillir les usagers et de garantir leur accès aux droits sociaux. Vous informez et orientez si nécessaire. Vous assurez l'accompagnement social individualisé des habitants de votre secteur en favorisant leur autonomie. Vous favorisez et entretenez le partenariat avec des services, institutions locales ou départementales (enfance, insertion et santé). Vous participez aux actions collectives de prévention mises en oeuvre au sein du service ainsi qu'aux actions mises en place au sein des quartiers.</description>
<profile>
<![CDATA[ Diplôme d'État Assistant de service social ou Conseiller.e en Économie Sociale et Familiale exigé. - Connaissance des dispositifs et  de la législation (logement, santé, insertion, protection de l'enfance, handicap, personnes âgées,  protection juridique) - Connaissances des politiques sociales - Capacités d'évaluation et d'analyse des situations d'usagers en demandes d'aides - Cadre d'emploi des Assistants socio-éducatifs (catégorie A) - Possibilité de contrat de 3 ans puis CDI après 6 ans - Accès à la formation professionnelle et possibilité d'accompagnement au passage des concours de la fonction publique territoriale - Poste à temps complet (39h00 par semaine) à pourvoir dès que possible - 23 jours de RTT + 25 CA + 2 jours de fractionnement - Horaires d'ouverture du service 08h30-12h30 et 13h30-17h30 - Lieu de travail : 6 rue Charron 93300 Aubervilliers, desservi par Métro ligne 12, Ligne 7 et RER B - Rémunération : à partir de 1750 (à revoir) nette mensuelle en début de carrière (ancienneté prise en compte) + prime annuelle + participation employeur mutuelle - Télétravail possible 1 jour hebdomadaire - Soutien technique personnalisé - Groupe d'Analyse de Pratiques - Prime mobilité durable - Un comité des oeuvres sociales attractif (voyages, sorties culturelles, participation sport...) ]]>
</profile>
<reference>
<![CDATA[ TB/AS/469/2023 ]]>
</reference>
<contract>
<![CDATA[ permanent ]]>
</contract>
<experience_levels>
<experience_level>
<![CDATA[ ]]>
</experience_level>
</experience_levels>
<locations>
<location category="city">
<![CDATA[ Aubervilliers ]]>
</location>
<location category="department">
<![CDATA[ 93 ]]>
</location>
<location category="country">
<![CDATA[ France ]]>
</location>
</locations>
<department_code>
<![CDATA[ 93 ]]>
</department_code>
<zipcode>
<![CDATA[ 93300 ]]>
</zipcode>
<application_mode>
<![CDATA[ url ]]>
</application_mode>
<application_url>https://jobstats.robopost.com/count/clic.php?v=1826705&j=441&external_ats_id=418</application_url>
<address_is_hidden>
<![CDATA[ true ]]>
</address_is_hidden>
</job>
<job>
<import_unique_id>
<![CDATA[ 1875168 ]]>
</import_unique_id>
<subentity_name>
<![CDATA[ Ville d'Aubervilliers ]]>
</subentity_name>
<entity_name>
<![CDATA[ Ville d'Aubervilliers ]]>
</entity_name>
<entity_description>
<![CDATA[ ]]>
</entity_description>
<entity_website>
<![CDATA[ ]]>
</entity_website>
<occupation>
<![CDATA[ Psychologue ]]>
</occupation>
<starts_on>
<![CDATA[ 04/12/2024 ]]>
</starts_on>
<expires_on>
<![CDATA[ 03/01/2025 ]]>
</expires_on>
<title>
<![CDATA[ PSYCHOLOGUES JEUNES H/F ]]>
</title>
<description>Au sein du centre municipal de santé du Dr Pesqué, vous travaillez pour la Direction de la Santé Publique. Vous assurez la prise en charge psychologique de jeunes patients en souffrance psychique adressé par un médecin des CMS ou par les acteurs du centre de planification et d'éducation familiale (CPEF).    Vous réalisez les entretiens initiaux des jeunes de 11 à 17 ans qui sont adressés par les médecins du CMS et par les acteurs du CPEF. Vous assurez la mise en place des psychothérapies si besoin.  Vous participez également aux temps d'échanges entre les professionnels impliqués sur une prise en charge quand cela est nécessaire mais aussi à l'évaluation du dispositif.   Enfin, vous orientez vers une prise en charge spécialisée si nécessaire.</description>
<profile>
<![CDATA[ ·         Formation en psychologie avec un parcours attesté/consolidé en psychologie clinique, psychopathologie et/ou psychologie de la santé ·         Master  spécialisé dans ces domaines si possible ·         Expérience d'au moins 1 an dans des fonctions similaires ·         Sens du service public ·         Capacité d'écoute ·         Connaissances en lien avec la psychopathologie chez les jeunes ·         Connaissances de l'environnement territorial ·         Cadre d'emploi des psychologues territoriaux ·         Contrat de projet - Temps non-complet (17h30) à pourvoir dès que possible ·         Lieu de travail : 5, rue du Dr Pesqué  - 93300 Aubervilliers ]]>
</profile>
<reference>
<![CDATA[ CS/PJ/435/2024 ]]>
</reference>
<contract>
<![CDATA[ permanent ]]>
</contract>
<experience_levels>
<experience_level>
<![CDATA[ less_than_two_years ]]>
</experience_level>
</experience_levels>
<locations>
<location category="city">
<![CDATA[ Aubervilliers ]]>
</location>
<location category="department">
<![CDATA[ 93 ]]>
</location>
<location category="country">
<![CDATA[ France ]]>
</location>
</locations>
<department_code>
<![CDATA[ 93 ]]>
</department_code>
<zipcode>
<![CDATA[ 93300 ]]>
</zipcode>
<application_mode>
<![CDATA[ url ]]>
</application_mode>
<application_url>https://jobstats.robopost.com/count/clic.php?v=1826834&j=441&external_ats_id=683</application_url>
<address_is_hidden>
<![CDATA[ true ]]>
</address_is_hidden>
</job>
</agencestaff>
</root>
